2023-05-09 14:41:11,303 INFO  [restartedMain] com.tpe.SpringbootintroApplication:Starting SpringbootintroApplication using Java 19.0.1 on DESKTOP-90BSM4H with PID 12060 (C:\Users\Havva\Desktop\springbootintro\target\classes started by Havva in C:\Users\Havva\Desktop\springbootintro)
2023-05-09 14:41:11,332 INFO  [restartedMain] com.tpe.SpringbootintroApplication:No active profile set, falling back to default profiles: default
2023-05-09 14:41:11,665 INFO  [restartedMain] org.springframework.boot.devtools.env.DevToolsPropertyDefaultsPostProcessor:Devtools property defaults active! Set 'spring.devtools.add-properties' to 'false' to disable
2023-05-09 14:41:11,667 INFO  [restartedMain] org.springframework.boot.devtools.env.DevToolsPropertyDefaultsPostProcessor:For additional web related logging consider setting the 'logging.level.web' property to 'DEBUG'
2023-05-09 14:41:15,849 INFO  [restartedMain] org.springframework.data.repository.config.RepositoryConfigurationDelegate:Bootstrapping Spring Data JPA repositories in DEFAULT mode.
2023-05-09 14:41:16,022 INFO  [restartedMain] org.springframework.data.repository.config.RepositoryConfigurationDelegate:Finished Spring Data repository scanning in 159 ms. Found 3 JPA repository interfaces.
2023-05-09 14:41:18,300 INFO  [restartedMain] org.springframework.boot.web.embedded.tomcat.TomcatWebServer:Tomcat initialized with port(s): 8080 (http)
2023-05-09 14:41:18,350 INFO  [restartedMain] org.apache.catalina.core.StandardService:Starting service [Tomcat]
2023-05-09 14:41:18,351 INFO  [restartedMain] org.apache.catalina.core.StandardEngine:Starting Servlet engine: [Apache Tomcat/9.0.56]
2023-05-09 14:41:18,571 INFO  [restartedMain] org.apache.catalina.core.ContainerBase.[Tomcat].[localhost].[/]:Initializing Spring embedded WebApplicationContext
2023-05-09 14:41:18,571 INFO  [restartedMain] org.springframework.boot.web.servlet.context.ServletWebServerApplicationContext:Root WebApplicationContext: initialization completed in 6900 ms
2023-05-09 14:41:19,691 INFO  [restartedMain] org.hibernate.jpa.internal.util.LogHelper:HHH000204: Processing PersistenceUnitInfo [name: default]
2023-05-09 14:41:19,861 INFO  [restartedMain] org.hibernate.Version:HHH000412: Hibernate ORM core version 5.6.4.Final
2023-05-09 14:41:20,342 INFO  [restartedMain] org.hibernate.annotations.common.Version:HCANN000001: Hibernate Commons Annotations {5.1.2.Final}
2023-05-09 14:41:20,750 INFO  [restartedMain] com.zaxxer.hikari.HikariDataSource:HikariPool-1 - Starting...
2023-05-09 14:41:23,695 INFO  [restartedMain] com.zaxxer.hikari.HikariDataSource:HikariPool-1 - Start completed.
2023-05-09 14:41:23,779 INFO  [restartedMain] org.hibernate.dialect.Dialect:HHH000400: Using dialect: org.hibernate.dialect.PostgreSQLDialect
2023-05-09 14:41:27,308 INFO  [restartedMain] org.hibernate.engine.transaction.jta.platform.internal.JtaPlatformInitiator:HHH000490: Using JtaPlatform implementation: [org.hibernate.engine.transaction.jta.platform.internal.NoJtaPlatform]
2023-05-09 14:41:27,325 INFO  [restartedMain] org.springframework.orm.jpa.LocalContainerEntityManagerFactoryBean:Initialized JPA EntityManagerFactory for persistence unit 'default'
2023-05-09 14:41:28,360 WARN  [restartedMain] org.springframework.boot.autoconfigure.orm.jpa.JpaBaseConfiguration$JpaWebConfiguration:spring.jpa.open-in-view is enabled by default. Therefore, database queries may be performed during view rendering. Explicitly configure spring.jpa.open-in-view to disable this warning
2023-05-09 14:41:29,660 INFO  [restartedMain] org.springframework.security.web.DefaultSecurityFilterChain:Will secure any request with [org.springframework.security.web.context.request.async.WebAsyncManagerIntegrationFilter@d36873, org.springframework.security.web.context.SecurityContextPersistenceFilter@2dce5ee9, org.springframework.security.web.header.HeaderWriterFilter@21900500, org.springframework.security.web.authentication.logout.LogoutFilter@19658f79, org.springframework.security.web.authentication.www.BasicAuthenticationFilter@17e13e5c, org.springframework.security.web.savedrequest.RequestCacheAwareFilter@5f3b38c1, org.springframework.security.web.servletapi.SecurityContextHolderAwareRequestFilter@5c9a83c3, org.springframework.security.web.authentication.AnonymousAuthenticationFilter@4f993183, org.springframework.security.web.session.SessionManagementFilter@fe5cdaf, org.springframework.security.web.access.ExceptionTranslationFilter@f5c1a58, org.springframework.security.web.access.intercept.AuthorizationFilter@49f12b2b]
2023-05-09 14:41:29,730 INFO  [restartedMain] org.springframework.boot.devtools.autoconfigure.OptionalLiveReloadServer:LiveReload server is running on port 35729
2023-05-09 14:41:29,743 INFO  [restartedMain] org.springframework.boot.actuate.endpoint.web.EndpointLinksResolver:Exposing 3 endpoint(s) beneath base path '/actuator'
2023-05-09 14:41:29,850 INFO  [restartedMain] org.springframework.boot.web.embedded.tomcat.TomcatWebServer:Tomcat started on port(s): 8080 (http) with context path ''
2023-05-09 14:41:29,907 INFO  [restartedMain] com.tpe.SpringbootintroApplication:Started SpringbootintroApplication in 20.304 seconds (JVM running for 23.394)
2023-05-09 14:47:41,873 INFO  [SpringApplicationShutdownHook] org.springframework.orm.jpa.LocalContainerEntityManagerFactoryBean:Closing JPA EntityManagerFactory for persistence unit 'default'
2023-05-09 14:47:41,878 INFO  [SpringApplicationShutdownHook] com.zaxxer.hikari.HikariDataSource:HikariPool-1 - Shutdown initiated...
2023-05-09 14:47:41,892 INFO  [SpringApplicationShutdownHook] com.zaxxer.hikari.HikariDataSource:HikariPool-1 - Shutdown completed.
2023-05-09 15:26:22,471 INFO  [restartedMain] com.tpe.SpringbootintroApplication:Starting SpringbootintroApplication using Java 19.0.1 on DESKTOP-90BSM4H with PID 7628 (C:\Users\Havva\Desktop\springbootintro\target\classes started by Havva in C:\Users\Havva\Desktop\springbootintro)
2023-05-09 15:26:22,472 INFO  [restartedMain] com.tpe.SpringbootintroApplication:No active profile set, falling back to default profiles: default
2023-05-09 15:26:22,593 INFO  [restartedMain] org.springframework.boot.devtools.env.DevToolsPropertyDefaultsPostProcessor:Devtools property defaults active! Set 'spring.devtools.add-properties' to 'false' to disable
2023-05-09 15:26:22,594 INFO  [restartedMain] org.springframework.boot.devtools.env.DevToolsPropertyDefaultsPostProcessor:For additional web related logging consider setting the 'logging.level.web' property to 'DEBUG'
2023-05-09 15:26:24,700 INFO  [restartedMain] org.springframework.data.repository.config.RepositoryConfigurationDelegate:Bootstrapping Spring Data JPA repositories in DEFAULT mode.
2023-05-09 15:26:24,863 INFO  [restartedMain] org.springframework.data.repository.config.RepositoryConfigurationDelegate:Finished Spring Data repository scanning in 141 ms. Found 3 JPA repository interfaces.
2023-05-09 15:26:26,493 INFO  [restartedMain] org.springframework.boot.web.embedded.tomcat.TomcatWebServer:Tomcat initialized with port(s): 8080 (http)
2023-05-09 15:26:26,509 INFO  [restartedMain] org.apache.catalina.core.StandardService:Starting service [Tomcat]
2023-05-09 15:26:26,510 INFO  [restartedMain] org.apache.catalina.core.StandardEngine:Starting Servlet engine: [Apache Tomcat/9.0.56]
2023-05-09 15:26:26,637 INFO  [restartedMain] org.apache.catalina.core.ContainerBase.[Tomcat].[localhost].[/]:Initializing Spring embedded WebApplicationContext
2023-05-09 15:26:26,638 INFO  [restartedMain] org.springframework.boot.web.servlet.context.ServletWebServerApplicationContext:Root WebApplicationContext: initialization completed in 4043 ms
2023-05-09 15:26:27,132 INFO  [restartedMain] org.hibernate.jpa.internal.util.LogHelper:HHH000204: Processing PersistenceUnitInfo [name: default]
2023-05-09 15:26:27,271 INFO  [restartedMain] org.hibernate.Version:HHH000412: Hibernate ORM core version 5.6.4.Final
2023-05-09 15:26:27,581 INFO  [restartedMain] org.hibernate.annotations.common.Version:HCANN000001: Hibernate Commons Annotations {5.1.2.Final}
2023-05-09 15:26:27,750 INFO  [restartedMain] com.zaxxer.hikari.HikariDataSource:HikariPool-1 - Starting...
2023-05-09 15:26:28,114 INFO  [restartedMain] com.zaxxer.hikari.HikariDataSource:HikariPool-1 - Start completed.
2023-05-09 15:26:28,141 INFO  [restartedMain] org.hibernate.dialect.Dialect:HHH000400: Using dialect: org.hibernate.dialect.PostgreSQLDialect
2023-05-09 15:26:30,053 INFO  [restartedMain] org.hibernate.engine.transaction.jta.platform.internal.JtaPlatformInitiator:HHH000490: Using JtaPlatform implementation: [org.hibernate.engine.transaction.jta.platform.internal.NoJtaPlatform]
2023-05-09 15:26:30,068 INFO  [restartedMain] org.springframework.orm.jpa.LocalContainerEntityManagerFactoryBean:Initialized JPA EntityManagerFactory for persistence unit 'default'
2023-05-09 15:26:31,101 WARN  [restartedMain] org.springframework.boot.autoconfigure.orm.jpa.JpaBaseConfiguration$JpaWebConfiguration:spring.jpa.open-in-view is enabled by default. Therefore, database queries may be performed during view rendering. Explicitly configure spring.jpa.open-in-view to disable this warning
2023-05-09 15:26:32,291 INFO  [restartedMain] org.springframework.security.web.DefaultSecurityFilterChain:Will secure any request with [org.springframework.security.web.context.request.async.WebAsyncManagerIntegrationFilter@2b0d18a, org.springframework.security.web.context.SecurityContextPersistenceFilter@7e76a112, org.springframework.security.web.header.HeaderWriterFilter@39daccb8, org.springframework.security.web.authentication.logout.LogoutFilter@23db84a7, org.springframework.security.web.authentication.www.BasicAuthenticationFilter@441a531e, org.springframework.security.web.savedrequest.RequestCacheAwareFilter@4d83c5ea, org.springframework.security.web.servletapi.SecurityContextHolderAwareRequestFilter@299cfd1e, org.springframework.security.web.authentication.AnonymousAuthenticationFilter@34aff0ff, org.springframework.security.web.session.SessionManagementFilter@54f6900a, org.springframework.security.web.access.ExceptionTranslationFilter@63475da5, org.springframework.security.web.access.intercept.AuthorizationFilter@451559a8]
2023-05-09 15:26:32,344 INFO  [restartedMain] org.springframework.boot.devtools.autoconfigure.OptionalLiveReloadServer:LiveReload server is running on port 35729
2023-05-09 15:26:32,357 INFO  [restartedMain] org.springframework.boot.actuate.endpoint.web.EndpointLinksResolver:Exposing 3 endpoint(s) beneath base path '/actuator'
2023-05-09 15:26:32,466 INFO  [restartedMain] org.springframework.boot.web.embedded.tomcat.TomcatWebServer:Tomcat started on port(s): 8080 (http) with context path ''
2023-05-09 15:26:32,514 INFO  [restartedMain] com.tpe.SpringbootintroApplication:Started SpringbootintroApplication in 10.886 seconds (JVM running for 12.006)
2023-05-09 15:29:02,095 INFO  [SpringApplicationShutdownHook] org.springframework.orm.jpa.LocalContainerEntityManagerFactoryBean:Closing JPA EntityManagerFactory for persistence unit 'default'
2023-05-09 15:29:02,103 INFO  [SpringApplicationShutdownHook] com.zaxxer.hikari.HikariDataSource:HikariPool-1 - Shutdown initiated...
2023-05-09 15:29:02,113 INFO  [SpringApplicationShutdownHook] com.zaxxer.hikari.HikariDataSource:HikariPool-1 - Shutdown completed.
2023-05-09 15:29:56,597 INFO  [restartedMain] com.tpe.SpringbootintroApplication:Starting SpringbootintroApplication using Java 19.0.1 on DESKTOP-90BSM4H with PID 10620 (C:\Users\Havva\Desktop\springbootintro\target\classes started by Havva in C:\Users\Havva\Desktop\springbootintro)
2023-05-09 15:29:56,600 INFO  [restartedMain] com.tpe.SpringbootintroApplication:No active profile set, falling back to default profiles: default
2023-05-09 15:29:56,714 INFO  [restartedMain] org.springframework.boot.devtools.env.DevToolsPropertyDefaultsPostProcessor:Devtools property defaults active! Set 'spring.devtools.add-properties' to 'false' to disable
2023-05-09 15:29:56,715 INFO  [restartedMain] org.springframework.boot.devtools.env.DevToolsPropertyDefaultsPostProcessor:For additional web related logging consider setting the 'logging.level.web' property to 'DEBUG'
2023-05-09 15:29:58,717 INFO  [restartedMain] org.springframework.data.repository.config.RepositoryConfigurationDelegate:Bootstrapping Spring Data JPA repositories in DEFAULT mode.
2023-05-09 15:29:58,829 INFO  [restartedMain] org.springframework.data.repository.config.RepositoryConfigurationDelegate:Finished Spring Data repository scanning in 98 ms. Found 3 JPA repository interfaces.
2023-05-09 15:30:00,241 INFO  [restartedMain] org.springframework.boot.web.embedded.tomcat.TomcatWebServer:Tomcat initialized with port(s): 8080 (http)
2023-05-09 15:30:00,257 INFO  [restartedMain] org.apache.catalina.core.StandardService:Starting service [Tomcat]
2023-05-09 15:30:00,257 INFO  [restartedMain] org.apache.catalina.core.StandardEngine:Starting Servlet engine: [Apache Tomcat/9.0.56]
2023-05-09 15:30:00,379 INFO  [restartedMain] org.apache.catalina.core.ContainerBase.[Tomcat].[localhost].[/]:Initializing Spring embedded WebApplicationContext
2023-05-09 15:30:00,380 INFO  [restartedMain] org.springframework.boot.web.servlet.context.ServletWebServerApplicationContext:Root WebApplicationContext: initialization completed in 3664 ms
2023-05-09 15:30:00,874 INFO  [restartedMain] org.hibernate.jpa.internal.util.LogHelper:HHH000204: Processing PersistenceUnitInfo [name: default]
2023-05-09 15:30:00,991 INFO  [restartedMain] org.hibernate.Version:HHH000412: Hibernate ORM core version 5.6.4.Final
2023-05-09 15:30:01,268 INFO  [restartedMain] org.hibernate.annotations.common.Version:HCANN000001: Hibernate Commons Annotations {5.1.2.Final}
2023-05-09 15:30:01,436 INFO  [restartedMain] com.zaxxer.hikari.HikariDataSource:HikariPool-1 - Starting...
2023-05-09 15:30:01,770 INFO  [restartedMain] com.zaxxer.hikari.HikariDataSource:HikariPool-1 - Start completed.
2023-05-09 15:30:01,797 INFO  [restartedMain] org.hibernate.dialect.Dialect:HHH000400: Using dialect: org.hibernate.dialect.PostgreSQLDialect
2023-05-09 15:30:03,532 INFO  [restartedMain] org.hibernate.engine.transaction.jta.platform.internal.JtaPlatformInitiator:HHH000490: Using JtaPlatform implementation: [org.hibernate.engine.transaction.jta.platform.internal.NoJtaPlatform]
2023-05-09 15:30:03,544 INFO  [restartedMain] org.springframework.orm.jpa.LocalContainerEntityManagerFactoryBean:Initialized JPA EntityManagerFactory for persistence unit 'default'
2023-05-09 15:30:04,427 WARN  [restartedMain] org.springframework.boot.autoconfigure.orm.jpa.JpaBaseConfiguration$JpaWebConfiguration:spring.jpa.open-in-view is enabled by default. Therefore, database queries may be performed during view rendering. Explicitly configure spring.jpa.open-in-view to disable this warning
2023-05-09 15:30:05,488 INFO  [restartedMain] org.springframework.security.web.DefaultSecurityFilterChain:Will secure any request with [org.springframework.security.web.context.request.async.WebAsyncManagerIntegrationFilter@4b94405d, org.springframework.security.web.context.SecurityContextPersistenceFilter@5ec2e527, org.springframework.security.web.header.HeaderWriterFilter@6ae025fa, org.springframework.security.web.authentication.logout.LogoutFilter@56b3ea27, org.springframework.security.web.authentication.www.BasicAuthenticationFilter@abe14a3, org.springframework.security.web.savedrequest.RequestCacheAwareFilter@8ee9f08, org.springframework.security.web.servletapi.SecurityContextHolderAwareRequestFilter@7fdef5dd, org.springframework.security.web.authentication.AnonymousAuthenticationFilter@2b3aaa6, org.springframework.security.web.session.SessionManagementFilter@fd4e8aa, org.springframework.security.web.access.ExceptionTranslationFilter@7eecbb04, org.springframework.security.web.access.intercept.AuthorizationFilter@d936ce]
2023-05-09 15:30:05,550 INFO  [restartedMain] org.springframework.boot.devtools.autoconfigure.OptionalLiveReloadServer:LiveReload server is running on port 35729
2023-05-09 15:30:05,564 INFO  [restartedMain] org.springframework.boot.actuate.endpoint.web.EndpointLinksResolver:Exposing 3 endpoint(s) beneath base path '/actuator'
2023-05-09 15:30:05,662 INFO  [restartedMain] org.springframework.boot.web.embedded.tomcat.TomcatWebServer:Tomcat started on port(s): 8080 (http) with context path ''
2023-05-09 15:30:05,688 INFO  [restartedMain] com.tpe.SpringbootintroApplication:Started SpringbootintroApplication in 9.953 seconds (JVM running for 11.049)
2023-05-09 15:38:15,569 INFO  [SpringApplicationShutdownHook] org.springframework.orm.jpa.LocalContainerEntityManagerFactoryBean:Closing JPA EntityManagerFactory for persistence unit 'default'
2023-05-09 15:38:15,576 INFO  [SpringApplicationShutdownHook] com.zaxxer.hikari.HikariDataSource:HikariPool-1 - Shutdown initiated...
2023-05-09 15:38:15,592 INFO  [SpringApplicationShutdownHook] com.zaxxer.hikari.HikariDataSource:HikariPool-1 - Shutdown completed.
